Determining if the pthread_create exist failed with the following output:
Change Dir: /home/vasudha/catkin_ws/src/freezing-batman/environment/sensing/vn_ins/build/CMakeFiles/CMakeTmp

Run Build Command:/usr/bin/make "cmTryCompileExec3524716046/fast"
make[1]: Entering directory `/home/vasudha/catkin_ws/src/freezing-batman/environment/sensing/vn_ins/build/CMakeFiles/CMakeTmp'
/usr/bin/make -f CMakeFiles/cmTryCompileExec3524716046.dir/build.make CMakeFiles/cmTryCompileExec3524716046.dir/build
make[2]: Entering directory `/home/vasudha/catkin_ws/src/freezing-batman/environment/sensing/vn_ins/build/CMakeFiles/CMakeTmp'
/usr/bin/cmake -E cmake_progress_report /home/vasudha/catkin_ws/src/freezing-batman/environment/sensing/vn_ins/build/CMakeFiles/CMakeTmp/CMakeFiles 1
Building C object CMakeFiles/cmTryCompileExec3524716046.dir/CheckSymbolExists.c.o
/usr/bin/cc    -o CMakeFiles/cmTryCompileExec3524716046.dir/CheckSymbolExists.c.o   -c /home/vasudha/catkin_ws/src/freezing-batman/environment/sensing/vn_ins/build/CMakeFiles/CMakeTmp/CheckSymbolExists.c
Linking C executable cmTryCompileExec3524716046
/usr/bin/cmake -E cmake_link_script CMakeFiles/cmTryCompileExec3524716046.dir/link.txt --verbose=1
/usr/bin/cc       CMakeFiles/cmTryCompileExec3524716046.dir/CheckSymbolExists.c.o  -o cmTryCompileExec3524716046 -rdynamic 
CMakeFiles/cmTryCompileExec3524716046.dir/CheckSymbolExists.c.o: In function `main':
CheckSymbolExists.c:(.text+0x16): undefined reference to `pthread_create'
collect2: error: ld returned 1 exit status
make[2]: *** [cmTryCompileExec3524716046] Error 1
make[2]: Leaving directory `/home/vasudha/catkin_ws/src/freezing-batman/environment/sensing/vn_ins/build/CMakeFiles/CMakeTmp'
make[1]: *** [cmTryCompileExec3524716046/fast] Error 2
make[1]: Leaving directory `/home/vasudha/catkin_ws/src/freezing-batman/environment/sensing/vn_ins/build/CMakeFiles/CMakeTmp'

File /home/vasudha/catkin_ws/src/freezing-batman/environment/sensing/vn_ins/build/CMakeFiles/CMakeTmp/CheckSymbolExists.c:
/* */
#include <pthread.h>

int main(int argc, char** argv)
{
  (void)argv;
#ifndef pthread_create
  return ((int*)(&pthread_create))[argc];
#else
  (void)argc;
  return 0;
#endif
}

Determining if the function pthread_create exists in the pthreads failed with the following output:
Change Dir: /home/vasudha/catkin_ws/src/freezing-batman/environment/sensing/vn_ins/build/CMakeFiles/CMakeTmp

Run Build Command:/usr/bin/make "cmTryCompileExec3731585161/fast"
make[1]: Entering directory `/home/vasudha/catkin_ws/src/freezing-batman/environment/sensing/vn_ins/build/CMakeFiles/CMakeTmp'
/usr/bin/make -f CMakeFiles/cmTryCompileExec3731585161.dir/build.make CMakeFiles/cmTryCompileExec3731585161.dir/build
make[2]: Entering directory `/home/vasudha/catkin_ws/src/freezing-batman/environment/sensing/vn_ins/build/CMakeFiles/CMakeTmp'
/usr/bin/cmake -E cmake_progress_report /home/vasudha/catkin_ws/src/freezing-batman/environment/sensing/vn_ins/build/CMakeFiles/CMakeTmp/CMakeFiles 1
Building C object CMakeFiles/cmTryCompileExec3731585161.dir/CheckFunctionExists.c.o
/usr/bin/cc   -DCHECK_FUNCTION_EXISTS=pthread_create   -o CMakeFiles/cmTryCompileExec3731585161.dir/CheckFunctionExists.c.o   -c /usr/share/cmake-2.8/Modules/CheckFunctionExists.c
Linking C executable cmTryCompileExec3731585161
/usr/bin/cmake -E cmake_link_script CMakeFiles/cmTryCompileExec3731585161.dir/link.txt --verbose=1
/usr/bin/cc   -DCHECK_FUNCTION_EXISTS=pthread_create    CMakeFiles/cmTryCompileExec3731585161.dir/CheckFunctionExists.c.o  -o cmTryCompileExec3731585161 -rdynamic -lpthreads 
/usr/bin/ld: cannot find -lpthreads
collect2: error: ld returned 1 exit status
make[2]: *** [cmTryCompileExec3731585161] Error 1
make[2]: Leaving directory `/home/vasudha/catkin_ws/src/freezing-batman/environment/sensing/vn_ins/build/CMakeFiles/CMakeTmp'
make[1]: *** [cmTryCompileExec3731585161/fast] Error 2
make[1]: Leaving directory `/home/vasudha/catkin_ws/src/freezing-batman/environment/sensing/vn_ins/build/CMakeFiles/CMakeTmp'


